SF:/Users/eser/projects/eser/eser.live/pkg/main/library/display/format-currency.ts
FN:16,formatCurrency
FNDA:5,formatCurrency
FNF:1
FNH:1
BRF:0
BRH:0
DA:1,1
DA:3,1
DA:15,5
DA:16,5
DA:17,5
DA:18,5
DA:20,10
DA:21,10
DA:22,10
DA:23,10
DA:24,10
DA:25,10
DA:26,10
DA:27,10
DA:28,10
DA:29,10
DA:30,10
DA:31,10
DA:32,10
LH:19
LF:19
end_of_record
SF:/Users/eser/projects/eser/eser.live/pkg/main/library/display/pluralize.ts
FN:14,pluralize
FNDA:65,pluralize
FNF:1
FNH:1
BRF:0
BRH:0
DA:1,1
DA:3,1
DA:13,10
DA:14,10
DA:15,75
DA:16,75
DA:17,75
LH:7
LF:7
end_of_record
SF:/Users/eser/projects/eser/eser.live/pkg/main/library/display/time-ago.ts
FN:17,timeAgo
FNDA:60,timeAgo
FNF:1
FNH:1
BRDA:20,1,0,5
BRDA:22,1,1,55
BRDA:41,1,2,5
BRDA:43,1,3,50
BRF:4
BRH:4
DA:1,1
DA:2,5
DA:3,5
DA:5,1
DA:16,5
DA:17,5
DA:18,65
DA:20,65
DA:21,70
DA:22,70
DA:24,120
DA:25,120
DA:26,120
DA:27,120
DA:28,120
DA:29,120
DA:30,120
DA:31,120
DA:32,120
DA:33,120
DA:34,120
DA:35,120
DA:36,120
DA:38,120
DA:39,120
DA:41,65
DA:42,70
DA:43,70
DA:45,115
DA:47,115
DA:48,115
DA:49,115
DA:50,115
DA:51,115
DA:52,115
DA:53,115
DA:54,115
DA:55,115
DA:56,115
DA:57,115
DA:59,115
DA:60,65
LH:42
LF:42
end_of_record
SF:/Users/eser/projects/eser/eser.live/pkg/main/library/http/bad-request-error.ts
FN:4,BadRequestError
FNDA:5,BadRequestError
FNF:1
FNH:1
BRF:0
BRH:0
DA:1,1
DA:3,5
DA:4,5
DA:5,10
DA:6,10
DA:7,10
DA:8,5
LH:7
LF:7
end_of_record
SF:/Users/eser/projects/eser/eser.live/pkg/main/library/http/fetch-values.ts
FN:19,fetchValues
FNDA:10,fetchValues
FNF:1
FNH:1
BRDA:22,1,0,5
BRDA:27,1,1,5
BRF:2
BRH:2
DA:1,1
DA:3,1
DA:18,5
DA:19,5
DA:20,15
DA:22,15
DA:23,20
DA:24,20
DA:26,15
DA:27,15
DA:28,20
DA:29,20
DA:31,20
DA:32,15
LH:14
LF:14
end_of_record
SF:/Users/eser/projects/eser/eser.live/pkg/main/library/http/get-cursor.ts
FN:14,getCursor
FNDA:10,getCursor
FNF:1
FNH:1
BRDA:15,1,0,5
BRF:1
BRH:1
DA:1,1
DA:3,1
DA:13,5
DA:14,5
DA:15,15
DA:16,15
LH:6
LF:6
end_of_record
SF:/Users/eser/projects/eser/eser.live/pkg/main/library/http/redirect.ts
FN:20,redirect
FNDA:10,redirect
FNF:1
FNH:1
BRF:0
BRH:0
DA:1,1
DA:2,5
DA:4,1
DA:19,5
DA:20,5
DA:21,5
DA:22,5
DA:24,15
DA:25,15
DA:26,15
DA:27,15
DA:28,15
DA:29,15
DA:30,15
LH:14
LF:14
end_of_record
SF:/Users/eser/projects/eser/eser.live/pkg/main/services/db.ts
FN:25,randomQuestion
FN:53,createQuestion
FN:87,getQuestion
FN:115,listQuestions
FN:139,listQuestionsByUser
FN:169,createVote
FN:232,hideQuestion
FN:272,listQuestionsVotedByUser
FN:284,randomUser
FN:305,createUser
FN:335,updateUser
FN:360,updateUserSession
FN:388,getUser
FN:409,getUserBySession
FN:433,listUsers
FN:464,getAreVotedByUser
FNDA:30,randomQuestion
FNDA:25,createQuestion
FNDA:30,getQuestion
FNDA:10,listQuestions
FNDA:10,listQuestionsByUser
FNDA:25,createVote
FNDA:0,hideQuestion
FNDA:20,listQuestionsVotedByUser
FNDA:20,randomUser
FNDA:20,createUser
FNDA:0,updateUser
FNDA:10,updateUserSession
FNDA:20,getUser
FNDA:20,getUserBySession
FNDA:0,listUsers
FNDA:10,getAreVotedByUser
FNF:16
FNH:13
BRDA:68,2,0,5
BRDA:117,4,0,0
BRDA:118,4,1,0
BRDA:119,4,2,0
BRDA:179,6,0,5
BRDA:181,6,1,20
BRDA:183,6,2,5
BRDA:185,6,3,15
BRDA:216,6,4,5
BRDA:317,10,0,5
BRDA:373,12,0,5
BRDA:414,14,0,10
BRF:12
BRH:9
DA:1,1
DA:2,10
DA:4,10
DA:5,10
DA:6,10
DA:7,40
DA:8,10
DA:9,10
DA:10,10
DA:11,10
DA:12,10
DA:24,10
DA:25,10
DA:26,40
DA:27,40
DA:28,40
DA:29,40
DA:30,40
DA:31,40
DA:32,40
DA:33,40
DA:35,1
DA:52,10
DA:53,10
DA:54,140
DA:55,35
DA:56,35
DA:57,35
DA:58,35
DA:59,35
DA:61,35
DA:62,140
DA:63,140
DA:64,35
DA:65,35
DA:66,35
DA:68,35
DA:69,40
DA:70,40
DA:71,35
DA:73,1
DA:86,10
DA:87,10
DA:88,160
DA:89,40
DA:90,40
DA:115,10
DA:116,100
DA:117,0
DA:118,0
DA:119,0
DA:120,20
DA:121,20
DA:123,1
DA:138,10
DA:139,10
DA:140,10
DA:141,10
DA:143,20
DA:144,120
DA:145,20
DA:147,20
DA:155,1
DA:168,10
DA:169,10
DA:170,140
DA:171,140
DA:172,35
DA:173,35
DA:174,35
DA:175,35
DA:176,35
DA:177,35
DA:179,35
DA:180,40
DA:181,40
DA:183,35
DA:184,40
DA:185,40
DA:187,50
DA:188,50
DA:189,50
DA:190,50
DA:191,50
DA:192,50
DA:193,50
DA:194,50
DA:195,50
DA:196,50
DA:197,50
DA:198,50
DA:199,50
DA:200,50
DA:201,50
DA:203,50
DA:205,50
DA:206,50
DA:207,50
DA:208,200
DA:209,200
DA:210,50
DA:211,50
DA:212,50
DA:213,50
DA:214,50
DA:216,35
DA:217,40
DA:218,40
DA:219,35
DA:221,1
DA:231,0
DA:232,0
DA:233,0
DA:235,0
DA:236,0
DA:237,0
DA:239,0
DA:240,0
DA:241,0
DA:243,0
DA:244,0
DA:246,0
DA:247,0
DA:248,0
DA:249,0
DA:251,0
DA:252,0
DA:253,0
DA:254,0
DA:256,1
DA:271,10
DA:272,10
DA:273,180
DA:274,30
DA:283,10
DA:284,10
DA:285,30
DA:286,30
DA:287,30
DA:288,30
DA:289,30
DA:291,1
DA:304,10
DA:305,10
DA:306,120
DA:307,120
DA:309,30
DA:310,120
DA:311,120
DA:312,30
DA:313,30
DA:315,30
DA:317,30
DA:318,35
DA:319,35
DA:320,30
DA:322,1
DA:334,0
DA:335,0
DA:336,0
DA:337,0
DA:339,0
DA:340,0
DA:341,0
DA:343,0
DA:344,0
DA:345,0
DA:347,1
DA:359,10
DA:360,10
DA:361,80
DA:362,80
DA:363,80
DA:364,80
DA:366,20
DA:367,20
DA:368,20
DA:369,80
DA:370,20
DA:372,20
DA:373,20
DA:374,20
DA:376,1
DA:387,10
DA:388,10
DA:389,120
DA:390,30
DA:391,30
DA:393,1
DA:408,10
DA:409,10
DA:410,120
DA:411,30
DA:412,30
DA:413,30
DA:414,30
DA:415,40
DA:416,40
DA:417,30
DA:419,1
DA:432,0
DA:433,0
DA:434,0
DA:435,0
DA:437,1
DA:463,10
DA:464,10
DA:465,10
DA:466,10
DA:468,20
DA:469,20
DA:471,20
DA:473,20
DA:474,20
LH:178
LF:214
end_of_record
SF:/Users/eser/projects/eser/eser.live/pkg/main/services/github.ts
FN:5,isGitHubSetup
FN:34,getGitHubUser
FNDA:0,isGitHubSetup
FNDA:10,getGitHubUser
FNF:2
FNH:1
BRDA:38,2,0,5
BRF:1
BRH:1
DA:1,1
DA:2,5
DA:3,5
DA:5,0
DA:6,0
DA:7,0
DA:8,0
DA:9,0
DA:10,0
DA:11,0
DA:12,0
DA:19,1
DA:33,5
DA:34,5
DA:35,15
DA:36,45
DA:37,15
DA:38,15
DA:39,20
DA:40,20
DA:41,20
DA:42,20
DA:43,15
LH:15
LF:23
end_of_record
