SF:/Users/eser/projects/eser/eser.live/pkg/main/library/display/format-currency.ts
FN:16,formatCurrency
FNDA:46,formatCurrency
FNF:1
FNH:1
BRF:0
BRH:0
DA:1,1
DA:3,1
DA:15,46
DA:16,46
DA:17,46
DA:18,46
DA:20,92
DA:21,92
DA:22,92
DA:23,92
DA:24,92
DA:25,92
DA:26,92
DA:27,92
DA:28,92
DA:29,92
DA:30,92
DA:31,92
DA:32,92
LH:19
LF:19
end_of_record
SF:/Users/eser/projects/eser/eser.live/pkg/main/library/display/pluralize.ts
FN:14,pluralize
FNDA:598,pluralize
FNF:1
FNH:1
BRF:0
BRH:0
DA:1,1
DA:3,1
DA:13,92
DA:14,92
DA:15,690
DA:16,690
DA:17,690
LH:7
LF:7
end_of_record
SF:/Users/eser/projects/eser/eser.live/pkg/main/library/display/time-ago.ts
FN:5,timeAgo
FN:17,timeAgo
FNDA:120,timeAgo
FNDA:432,timeAgo
FNF:2
FNH:2
BRDA:18,2,0,10
BRDA:21,2,1,110
BRDA:39,2,2,10
BRDA:41,2,3,100
BRDA:20,3,0,36
BRDA:22,3,1,396
BRDA:41,3,2,36
BRDA:43,3,3,360
BRF:8
BRH:8
DA:1,1
DA:2,46
DA:3,46
DA:5,1
DA:16,166
DA:17,166
DA:18,598
DA:20,608
DA:21,634
DA:22,744
DA:24,1104
DA:25,1104
DA:26,1104
DA:27,1104
DA:28,1104
DA:29,1104
DA:30,1104
DA:31,1104
DA:32,1104
DA:33,1104
DA:34,1104
DA:35,1694
DA:36,994
DA:38,994
DA:39,994
DA:41,598
DA:42,734
DA:43,734
DA:45,1058
DA:47,1058
DA:48,1058
DA:49,1058
DA:50,1058
DA:51,1058
DA:52,1058
DA:53,1058
DA:54,1058
DA:55,1058
DA:56,1058
DA:57,1058
DA:59,828
DA:60,828
DA:61,828
DA:62,468
LH:44
LF:44
end_of_record
SF:/Users/eser/projects/eser/eser.live/pkg/main/library/http/bad-request-error.ts
FN:4,BadRequestError
FNDA:46,BadRequestError
FNF:1
FNH:1
BRF:0
BRH:0
DA:1,1
DA:3,46
DA:4,46
DA:5,92
DA:6,92
DA:7,92
DA:8,46
LH:7
LF:7
end_of_record
SF:/Users/eser/projects/eser/eser.live/pkg/main/library/http/fetch-values.ts
FN:19,fetchValues
FN:19,fetchValues
FNDA:14,fetchValues
FNDA:78,fetchValues
FNF:2
FNH:2
BRDA:22,2,0,7
BRDA:27,2,1,7
BRDA:22,3,0,39
BRDA:27,3,1,39
BRF:4
BRH:4
DA:1,1
DA:3,1
DA:18,46
DA:19,46
DA:20,138
DA:22,138
DA:23,177
DA:24,177
DA:26,138
DA:27,138
DA:28,184
DA:29,184
DA:31,156
DA:32,117
LH:14
LF:14
end_of_record
SF:/Users/eser/projects/eser/eser.live/pkg/main/library/http/get-cursor.ts
FN:14,getCursor
FNDA:92,getCursor
FNF:1
FNH:1
BRDA:15,1,0,46
BRF:1
BRH:1
DA:1,1
DA:3,1
DA:13,46
DA:14,46
DA:15,138
DA:16,138
LH:6
LF:6
end_of_record
SF:/Users/eser/projects/eser/eser.live/pkg/main/library/http/is-http.ts
FN:2,isHttps
FNDA:490,isHttps
FNF:1
FNH:1
BRF:0
BRH:0
DA:1,1
DA:2,72
DA:3,562
DA:4,562
LH:4
LF:4
end_of_record
SF:/Users/eser/projects/eser/eser.live/pkg/main/library/http/redirect.ts
FN:20,redirect
FN:20,redirect
FNDA:305,redirect
FNDA:20,redirect
FNF:2
FNH:2
BRF:0
BRH:0
DA:1,1
DA:2,82
DA:4,1
DA:19,82
DA:20,82
DA:21,82
DA:22,82
DA:25,82
DA:27,407
DA:28,407
DA:29,407
DA:30,407
DA:31,387
DA:32,377
DA:33,377
LH:15
LF:15
end_of_record
SF:/Users/eser/projects/eser/eser.live/pkg/main/library/oauth/_kv.ts
FN:27,oauthSessionKey
FN:31,getAndDeleteOAuthSession
FN:50,setOAuthSession
FN:70,siteSessionKey
FN:74,isSiteSession
FN:79,setSiteSession
FN:83,deleteSiteSession
FNDA:430,oauthSessionKey
FNDA:271,getAndDeleteOAuthSession
FNDA:159,setOAuthSession
FNDA:261,siteSessionKey
FNDA:62,isSiteSession
FNDA:137,setSiteSession
FNDA:62,deleteSiteSession
FNF:7
FNH:7
BRDA:37,3,0,227
BRDA:37,3,1,146
BRDA:39,3,2,125
BRDA:46,3,3,0
BRDA:46,3,4,125
BRF:5
BRH:4
DA:1,1
DA:3,72
DA:5,72
DA:7,72
DA:8,288
DA:9,72
DA:10,72
DA:11,72
DA:12,72
DA:14,72
DA:16,1
DA:17,72
DA:18,144
DA:19,72
DA:27,502
DA:28,2008
DA:29,502
DA:31,72
DA:32,72
DA:34,343
DA:35,343
DA:36,343
DA:37,343
DA:38,716
DA:39,716
DA:41,695
DA:42,695
DA:43,695
DA:44,695
DA:46,0
DA:47,468
DA:48,343
DA:50,72
DA:51,72
DA:52,72
DA:53,72
DA:57,231
DA:58,231
DA:60,231
DA:61,231
DA:70,333
DA:71,1332
DA:72,333
DA:74,72
DA:75,134
DA:76,134
DA:77,134
DA:79,72
DA:80,627
DA:81,209
DA:83,72
DA:84,134
DA:85,134
LH:52
LF:53
end_of_record
SF:/Users/eser/projects/eser/eser.live/pkg/main/library/oauth/client.ts
FN:28,getCookieName
FN:49,getSuccessUrl
FN:65,getSessionIdCookie
FN:83,createClientState
FN:135,<instance_members_initializer>
FN:135,<instance_members_initializer>
FN:138,Client
FN:142,signIn
FN:184,handleCallback
FN:184,handleCallback
FN:230,signOut
FN:231,signOut
FN:255,getSessionId
FN:255,getSessionId
FN:266,createClient
FN:267,createClient
FNDA:422,getCookieName
FNDA:272,getSuccessUrl
FNDA:186,getSessionIdCookie
FNDA:230,createClientState
FNDA:3,<instance_members_initializer>
FNDA:227,<instance_members_initializer>
FNDA:230,Client
FNDA:55,signIn
FNDA:4,handleCallback
FNDA:123,handleCallback
FNDA:90,signOut
FNDA:3,signOut
FNDA:90,getSessionId
FNDA:3,getSessionId
FNDA:227,createClient
FNDA:3,createClient
FNF:16
FNH:16
BRDA:29,2,0,36
BRDA:29,2,1,386
BRDA:53,3,0,31
BRDA:55,3,1,241
BRDA:58,3,2,62
BRDA:58,3,3,31
BRDA:60,3,4,210
BRDA:152,9,0,31
BRDA:195,10,0,1
BRDA:197,10,1,3
BRDA:198,10,2,2
BRDA:201,10,3,0
BRDA:223,10,4,0
BRDA:224,10,5,0
BRDA:195,11,0,30
BRDA:197,11,1,93
BRDA:198,11,2,63
BRDA:201,11,3,13
BRDA:219,11,4,0
BRDA:220,11,5,13
BRDA:236,12,0,30
BRDA:238,12,1,30
BRDA:240,12,2,60
BRDA:244,12,3,30
BRDA:244,12,4,30
BRDA:249,12,5,60
BRDA:238,13,0,1
BRDA:240,13,1,1
BRDA:242,13,2,2
BRDA:245,13,3,1
BRDA:245,13,4,1
BRDA:252,13,5,2
BRDA:258,14,0,30
BRDA:260,14,1,60
BRDA:261,14,2,30
BRDA:260,15,0,1
BRDA:260,15,1,2
BRDA:266,15,2,1
BRF:38
BRH:34
DA:1,1
DA:2,36
DA:3,36
DA:4,36
DA:5,36
DA:6,36
DA:7,36
DA:10,36
DA:11,36
DA:12,36
DA:13,36
DA:14,36
DA:15,36
DA:16,36
DA:17,36
DA:18,36
DA:19,36
DA:21,36
DA:22,36
DA:24,1
DA:27,36
DA:28,36
DA:29,458
DA:30,458
DA:32,1
DA:34,36
DA:35,36
DA:36,36
DA:37,36
DA:38,36
DA:39,36
DA:40,36
DA:41,36
DA:42,36
DA:44,36
DA:46,1
DA:48,36
DA:49,36
DA:50,308
DA:52,308
DA:53,308
DA:54,339
DA:55,339
DA:57,549
DA:58,308
DA:59,339
DA:60,339
DA:62,518
DA:63,308
DA:65,36
DA:66,36
DA:67,36
DA:69,222
DA:70,222
DA:83,36
DA:84,266
DA:85,266
DA:86,266
DA:87,36
DA:89,1
DA:134,36
DA:135,36
DA:136,266
DA:138,266
DA:139,496
DA:140,496
DA:142,266
DA:143,266
DA:144,266
DA:145,266
DA:146,321
DA:147,321
DA:148,321
DA:150,963
DA:152,321
DA:153,352
DA:154,352
DA:155,352
DA:156,352
DA:158,321
DA:159,321
DA:160,321
DA:161,321
DA:162,321
DA:163,321
DA:164,321
DA:169,321
DA:170,321
DA:171,321
DA:172,321
DA:174,1605
DA:175,321
DA:176,321
DA:178,321
DA:179,321
DA:181,321
DA:182,321
DA:184,266
DA:188,266
DA:189,393
DA:190,393
DA:191,393
DA:193,393
DA:194,393
DA:195,393
DA:196,424
DA:197,424
DA:198,489
DA:200,458
DA:201,458
DA:203,0
DA:204,0
DA:205,0
DA:206,0
DA:208,0
DA:209,0
DA:210,0
DA:211,0
DA:212,0
DA:213,0
DA:214,0
DA:215,0
DA:216,0
DA:217,0
DA:218,0
DA:219,0
DA:220,0
DA:223,0
DA:224,0
DA:225,0
DA:226,0
DA:227,0
DA:228,0
DA:230,0
DA:231,0
DA:232,359
DA:234,359
DA:235,359
DA:236,359
DA:238,359
DA:239,389
DA:240,389
DA:242,419
DA:244,359
DA:245,359
DA:247,359
DA:248,359
DA:249,359
DA:250,359
DA:252,359
DA:253,359
DA:255,269
DA:256,356
DA:257,356
DA:258,356
DA:260,359
DA:261,359
DA:262,359
DA:263,361
DA:264,44
DA:266,36
DA:267,263
DA:268,39
LH:138
LF:163
end_of_record
